The system is: Windows - 10.0.22621 - AMD64
Compiling the C compiler identification source file "CMakeCCompilerId.c" succeeded.
Compiler: C:/ESP32/Espressif/tools/esp-clang/15.0.0-23786128ae/esp-clang/bin/clang.exe 
Build flags: 
Id flags: -c 

The output was:
0


Compilation of the C compiler identification source "CMakeCCompilerId.c" produced "CMakeCCompilerId.o"

The C compiler identification is Clang, found in "C:/Users/Mateo Almeida/Desktop/wrkspSTR/str-esp32-c/strT2/main/build/CMakeFiles/3.24.0/CompilerIdC/CMakeCCompilerId.o"

Compiling the CXX compiler identification source file "CMakeCXXCompilerId.cpp" succeeded.
Compiler: C:/ESP32/Espressif/tools/esp-clang/15.0.0-23786128ae/esp-clang/bin/clang++.exe 
Build flags: 
Id flags: -c 

The output was:
0


Compilation of the CXX compiler identification source "CMakeCXXCompilerId.cpp" produced "CMakeCXXCompilerId.o"

The CXX compiler identification is Clang, found in "C:/Users/Mateo Almeida/Desktop/wrkspSTR/str-esp32-c/strT2/main/build/CMakeFiles/3.24.0/CompilerIdCXX/CMakeCXXCompilerId.o"

The system is: Windows - 10.0.22621 - AMD64
Compiling the C compiler identification source file "CMakeCCompilerId.c" succeeded.
Compiler: C:/ESP32/Espressif/tools/esp-clang/15.0.0-23786128ae/esp-clang/bin/clang.exe 
Build flags: 
Id flags: -c 

The output was:
0


Compilation of the C compiler identification source "CMakeCCompilerId.c" produced "CMakeCCompilerId.o"

The C compiler identification is Clang, found in "C:/Users/Mateo Almeida/Desktop/wrkspSTR/str-esp32-c/strT2/main/build/CMakeFiles/3.24.0/CompilerIdC/CMakeCCompilerId.o"

Compiling the CXX compiler identification source file "CMakeCXXCompilerId.cpp" succeeded.
Compiler: C:/ESP32/Espressif/tools/esp-clang/15.0.0-23786128ae/esp-clang/bin/clang++.exe 
Build flags: 
Id flags: -c 

The output was:
0


Compilation of the CXX compiler identification source "CMakeCXXCompilerId.cpp" produced "CMakeCXXCompilerId.o"

The CXX compiler identification is Clang, found in "C:/Users/Mateo Almeida/Desktop/wrkspSTR/str-esp32-c/strT2/main/build/CMakeFiles/3.24.0/CompilerIdCXX/CMakeCXXCompilerId.o"

